<?xml version="1.0" encoding="UTF-8"?>
<testng-results skipped="0" failed="0" ignored="0" total="1" passed="1">
  <reporter-output>
  </reporter-output>
  <suite name="Default suite" duration-ms="36320" started-at="2018-04-07T15:16:07Z" finished-at="2018-04-07T15:16:43Z">
    <groups>
    </groups>
    <test name="Default test" duration-ms="36320" started-at="2018-04-07T15:16:07Z" finished-at="2018-04-07T15:16:43Z">
      <class name="md.post.Login">
        <test-method status="PASS" signature="beforeTest()[pri:0, instance:md.post.Login@2c767a52]" name="beforeTest" is-config="true" duration-ms="3635" started-at="2018-04-07T15:16:07Z" finished-at="2018-04-07T15:16:10Z">
          <reporter-output>
          </reporter-output>
        </test-method> <!-- beforeTest -->
        <test-method status="PASS" signature="test()[pri:0, instance:md.post.Login@2c767a52]" name="test" duration-ms="32449" started-at="2018-04-07T15:16:10Z" finished-at="2018-04-07T15:16:43Z">
          <reporter-output>
          </reporter-output>
        </test-method> <!-- test -->
        <test-method status="PASS" signature="afterTest()[pri:0, instance:md.post.Login@2c767a52]" name="afterTest" is-config="true" duration-ms="200" started-at="2018-04-07T15:16:43Z" finished-at="2018-04-07T15:16:43Z">
          <reporter-output>
          </reporter-output>
        </test-method> <!-- afterTest -->
      </class> <!-- md.post.Login -->
    </test> <!-- Default test -->
  </suite> <!-- Default suite -->
</testng-results>
